<?xml version="1.0" encoding="UTF-8"?>
<testng-results ignored="0" total="1" passed="1" failed="0" skipped="0">
  <reporter-output>
  </reporter-output>
  <suite started-at="2022-05-29T13:29:30 IST" name="Default suite" finished-at="2022-05-29T13:29:30 IST" duration-ms="60">
    <groups>
    </groups>
    <test started-at="2022-05-29T13:29:30 IST" name="Default test" finished-at="2022-05-29T13:29:30 IST" duration-ms="60">
      <class name="org.TestNG.Day1">
        <test-method signature="MobileLoans()[pri:0, instance:org.TestNG.Day1@4d0f2471]" started-at="2022-05-29T13:29:30 IST" name="MobileLoans" finished-at="2022-05-29T13:29:30 IST" duration-ms="10" status="PASS">
          <reporter-output>
          </reporter-output>
        </test-method> <!-- MobileLoans -->
      </class> <!-- org.TestNG.Day1 -->
    </test> <!-- Default test -->
  </suite> <!-- Default suite -->
</testng-results>
