<?xml version="1.0" encoding="UTF-8"?>
<testng-results ignored="0" total="1" passed="1" failed="0" skipped="0">
  <reporter-output>
  </reporter-output>
  <suite started-at="2022-07-12T12:24:34 IST" name="Default suite" finished-at="2022-07-12T12:24:43 IST" duration-ms="9090">
    <groups>
    </groups>
    <test started-at="2022-07-12T12:24:34 IST" name="Default test" finished-at="2022-07-12T12:24:43 IST" duration-ms="9090">
      <class name="driver.Driver">
        <test-method signature="getAutomationProperties()[pri:0, instance:driver.Driver@55342f40]" started-at="2022-07-12T12:24:34 IST" name="getAutomationProperties" finished-at="2022-07-12T12:24:43 IST" duration-ms="9033" status="PASS">
          <reporter-output>
          </reporter-output>
        </test-method> <!-- getAutomationProperties -->
      </class> <!-- driver.Driver -->
    </test> <!-- Default test -->
  </suite> <!-- Default suite -->
</testng-results>
